<?xml version="1.0" encoding="UTF-8"?>
<testsuite name="com.hustar.value_coding_boot.MapperTests" tests="1" skipped="0" failures="0" errors="0" timestamp="2021-06-01T08:54:25" hostname="DESKTOP-0I7RDQ3" time="0.411">
  <properties/>
  <testcase name="testOfSelectDetail()" classname="com.hustar.value_coding_boot.MapperTests" time="0.411"/>
  <system-out><![CDATA[17:54:22.976 [Test worker] DEBUG org.springframework.test.context.BootstrapUtils - Instantiating CacheAwareContextLoaderDelegate from class [org.springframework.test.context.cache.DefaultCacheAwareContextLoaderDelegate]
17:54:22.986 [Test worker] DEBUG org.springframework.test.context.BootstrapUtils - Instantiating BootstrapContext using constructor [public org.springframework.test.context.support.DefaultBootstrapContext(java.lang.Class,org.springframework.test.context.CacheAwareContextLoaderDelegate)]
17:54:23.013 [Test worker] DEBUG org.springframework.test.context.BootstrapUtils - Instantiating TestContextBootstrapper for test class [com.hustar.value_coding_boot.MapperTests] from class [org.springframework.boot.test.context.SpringBootTestContextBootstrapper]
17:54:23.023 [Test worker] INFO org.springframework.boot.test.context.SpringBootTestContextBootstrapper - Neither @ContextConfiguration nor @ContextHierarchy found for test class [com.hustar.value_coding_boot.MapperTests], using SpringBootContextLoader
17:54:23.027 [Test worker] DEBUG org.springframework.test.context.support.AbstractContextLoader - Did not detect default resource location for test class [com.hustar.value_coding_boot.MapperTests]: class path resource [com/hustar/value_coding_boot/MapperTests-context.xml] does not exist
17:54:23.027 [Test worker] DEBUG org.springframework.test.context.support.AbstractContextLoader - Did not detect default resource location for test class [com.hustar.value_coding_boot.MapperTests]: class path resource [com/hustar/value_coding_boot/MapperTestsContext.groovy] does not exist
17:54:23.027 [Test worker] INFO org.springframework.test.context.support.AbstractContextLoader - Could not detect default resource locations for test class [com.hustar.value_coding_boot.MapperTests]: no resource found for suffixes {-context.xml, Context.groovy}.
17:54:23.028 [Test worker] INFO org.springframework.test.context.support.AnnotationConfigContextLoaderUtils - Could not detect default configuration classes for test class [com.hustar.value_coding_boot.MapperTests]: MapperTests does not declare any static, non-private, non-final, nested classes annotated with @Configuration.
17:54:23.062 [Test worker] DEBUG org.springframework.test.context.support.ActiveProfilesUtils - Could not find an 'annotation declaring class' for annotation type [org.springframework.test.context.ActiveProfiles] and class [com.hustar.value_coding_boot.MapperTests]
17:54:23.111 [Test worker] DEBUG org.springframework.context.annotation.ClassPathScanningCandidateComponentProvider - Identified candidate component class: file [C:\Users\HUSTAR02\git\value_coding_boot\build\classes\java\main\com\hustar\value_coding_boot\ValueCodingBootApplication.class]
17:54:23.112 [Test worker] INFO org.springframework.boot.test.context.SpringBootTestContextBootstrapper - Found @SpringBootConfiguration com.hustar.value_coding_boot.ValueCodingBootApplication for test class com.hustar.value_coding_boot.MapperTests
17:54:23.209 [Test worker] DEBUG org.springframework.boot.test.context.SpringBootTestContextBootstrapper - @TestExecutionListeners is not present for class [com.hustar.value_coding_boot.MapperTests]: using defaults.
17:54:23.209 [Test worker] INFO org.springframework.boot.test.context.SpringBootTestContextBootstrapper - Loaded default TestExecutionListener class names from location [META-INF/spring.factories]: [org.springframework.boot.test.autoconfigure.restdocs.RestDocsTestExecutionListener, org.springframework.boot.test.autoconfigure.web.client.MockRestServiceServerResetTestExecutionListener, org.springframework.boot.test.autoconfigure.web.servlet.MockMvcPrintOnlyOnFailureTestExecutionListener, org.springframework.boot.test.autoconfigure.web.servlet.WebDriverTestExecutionListener, org.springframework.boot.test.autoconfigure.webservices.client.MockWebServiceServerTestExecutionListener, org.springframework.boot.test.mock.mockito.MockitoTestExecutionListener, org.springframework.boot.test.mock.mockito.ResetMocksTestExecutionListener, org.springframework.test.context.web.ServletTestExecutionListener, org.springframework.test.context.support.DirtiesContextBeforeModesTestExecutionListener, org.springframework.test.context.event.ApplicationEventsTestExecutionListener, org.springframework.test.context.support.DependencyInjectionTestExecutionListener, org.springframework.test.context.support.DirtiesContextTestExecutionListener, org.springframework.test.context.transaction.TransactionalTestExecutionListener, org.springframework.test.context.jdbc.SqlScriptsTestExecutionListener, org.springframework.test.context.event.EventPublishingTestExecutionListener]
17:54:23.224 [Test worker] INFO org.springframework.boot.test.context.SpringBootTestContextBootstrapper - Using TestExecutionListeners: [org.springframework.test.context.web.ServletTestExecutionListener@4cc88be1, org.springframework.test.context.support.DirtiesContextBeforeModesTestExecutionListener@3a79f156, org.springframework.test.context.event.ApplicationEventsTestExecutionListener@488dab21, org.springframework.boot.test.mock.mockito.MockitoTestExecutionListener@5afb3388, org.springframework.boot.test.autoconfigure.SpringBootDependencyInjectionTestExecutionListener@52e43cb5, org.springframework.test.context.support.DirtiesContextTestExecutionListener@27e284fe, org.springframework.test.context.transaction.TransactionalTestExecutionListener@213e780, org.springframework.test.context.jdbc.SqlScriptsTestExecutionListener@177e339, org.springframework.test.context.event.EventPublishingTestExecutionListener@72056636, org.springframework.boot.test.autoconfigure.restdocs.RestDocsTestExecutionListener@4173c9fc, org.springframework.boot.test.autoconfigure.web.client.MockRestServiceServerResetTestExecutionListener@5c4109b5, org.springframework.boot.test.autoconfigure.web.servlet.MockMvcPrintOnlyOnFailureTestExecutionListener@6211472f, org.springframework.boot.test.autoconfigure.web.servlet.WebDriverTestExecutionListener@3bfca98d, org.springframework.boot.test.autoconfigure.webservices.client.MockWebServiceServerTestExecutionListener@641fab27, org.springframework.boot.test.mock.mockito.ResetMocksTestExecutionListener@30470ab0]
17:54:23.228 [Test worker] DEBUG org.springframework.test.context.support.AbstractDirtiesContextTestExecutionListener - Before test class: context [DefaultTestContext@3be6e71e testClass = MapperTests, testInstance = [null], testMethod = [null], testException = [null], mergedContextConfiguration = [WebMergedContextConfiguration@2fb8a526 testClass = MapperTests, locations = '{}', classes = '{class com.hustar.value_coding_boot.ValueCodingBootApplication}', contextInitializerClasses = '[]', activeProfiles = '{}', propertySourceLocations = '{}', propertySourceProperties = '{org.springframework.boot.test.context.SpringBootTestContextBootstrapper=true}', contextCustomizers = set[org.springframework.boot.test.autoconfigure.actuate.metrics.MetricsExportContextCustomizerFactory$DisableMetricExportContextCustomizer@25337bf8, org.springframework.boot.test.autoconfigure.properties.PropertyMappingContextCustomizer@0, org.springframework.boot.test.autoconfigure.web.servlet.WebDriverContextCustomizerFactory$Customizer@88d0344, org.springframework.boot.test.context.filter.ExcludeFilterContextCustomizer@79917d41, org.springframework.boot.test.json.DuplicateJsonObjectContextCustomizerFactory$DuplicateJsonObjectContextCustomizer@13f0f496, org.springframework.boot.test.mock.mockito.MockitoContextCustomizer@0, org.springframework.boot.test.web.client.TestRestTemplateContextCustomizer@4836f3f0, org.springframework.boot.test.context.SpringBootTestArgs@1, org.springframework.boot.test.context.SpringBootTestWebEnvironment@4e53bb98], resourceBasePath = 'src/main/webapp', contextLoader = 'org.springframework.boot.test.context.SpringBootContextLoader', parent = [null]], attributes = map['org.springframework.test.context.web.ServletTestExecutionListener.activateListener' -> true]], class annotated with @DirtiesContext [false] with mode [null].
17:54:23.256 [Test worker] DEBUG org.springframework.test.context.support.TestPropertySourceUtils - Adding inlined properties to environment: {spring.jmx.enabled=false, org.springframework.boot.test.context.SpringBootTestContextBootstrapper=true}

  .   ____          _            __ _ _
 /\\ / ___'_ __ _ _(_)_ __  __ _ \ \ \ \
( ( )\___ | '_ | '_| | '_ \/ _` | \ \ \ \
 \\/  ___)| |_)| | | | | || (_| |  ) ) ) )
  '  |____| .__|_| |_|_| |_\__, | / / / /
 =========|_|==============|___/=/_/_/_/
 :: Spring Boot ::                (v2.4.6)

2021-06-01 17:54:23.488  INFO 14300 --- [    Test worker] c.hustar.value_coding_boot.MapperTests   : Starting MapperTests using Java 15.0.2 on DESKTOP-0I7RDQ3 with PID 14300 (started by HUSTAR02 in C:\Users\HUSTAR02\git\value_coding_boot)
2021-06-01 17:54:23.490  INFO 14300 --- [    Test worker] c.hustar.value_coding_boot.MapperTests   : No active profile set, falling back to default profiles: default
2021-06-01 17:54:24.254  INFO 14300 --- [    Test worker] com.zaxxer.hikari.HikariDataSource       : HikariPool-1 - Starting...
2021-06-01 17:54:24.318  INFO 14300 --- [    Test worker] com.zaxxer.hikari.HikariDataSource       : HikariPool-1 - Start completed.
HikariDataSource (HikariPool-1)
2021-06-01 17:54:24.926  INFO 14300 --- [    Test worker] o.s.b.a.w.s.WelcomePageHandlerMapping    : Adding welcome page template: index
2021-06-01 17:54:25.228  INFO 14300 --- [    Test worker] c.hustar.value_coding_boot.MapperTests   : Started MapperTests in 1.965 seconds (JVM running for 2.947)
=========================
null
=========================
]]></system-out>
  <system-err><![CDATA[]]></system-err>
</testsuite>
